X veriseti
    yil   kiret      sut   tavet   tavyum    bal ipek yapagi  kil tiftik
1  2001  435778  9495550  614745 10575046  60190   47  40909 2684    400
2  2002  420595  8408568  696187 11554910  74554  100  38244 2589    318
3  2003  366962 10611011  872419 12666782  69540  169  46456 2741    333
4  2004  447154 10679406  876774 11055557  73929  143  45972 2715    304
5  2005  409423 11107897  936697 12052455  82336  157  46176 2654    302
6  2006  438530 11952099  917659 11733572  83842  127  46776 2728    274
7  2007  575622 12329789 1068454 12724959  73935  125  46752 2536    237
8  2008  482458 12243040 1087682 13190696  81364  125  44166 2238    194
9  2009  412621 12542186 1293315 13832726  82003  136  40270 2002    174
10 2010  780718 13543674 1444059 11840396  81115  126  42823 2607    200
11 2011  776915 15056211 1613309 12954686  94245  151  46586 3062    194
12 2012  915844 17401262 1723919 14910774  89162  134  51180 3570    200
13 2013  996125 18223712 1758363 16496751  94694  121  54784 4902    260
14 2014 1008272 18630859 1894669 17145389 103525   80  58403 5460    280
15 2015 1149262 18654682 1909276 16727510 107665   66  59196 5569    325
16 2016 1173042 18489161 1879018 18097605 105727  103  62525 5445    341

 Temel İstatistikler
      yil           kiret              sut               tavet             tavyum              bal              ipek           yapagi           kil           tiftik     
 Min.   :2001   Min.   : 366962   Min.   : 8408568   Min.   : 614745   Min.   :10575046   Min.   : 60190   Min.   : 47.0   Min.   :38244   Min.   :2002   Min.   :174.0  
 1st Qu.:2005   1st Qu.: 431982   1st Qu.:11000774   1st Qu.: 907438   1st Qu.:11813690   1st Qu.: 74399   1st Qu.:102.2   1st Qu.:43830   1st Qu.:2602   1st Qu.:200.0  
 Median :2008   Median : 529040   Median :12435988   Median :1190499   Median :12839822   Median : 82170   Median :125.5   Median :46521   Median :2722   Median :277.0  
 Mean   :2008   Mean   : 674333   Mean   :13710569   Mean   :1286659   Mean   :13597488   Mean   : 84864   Mean   :119.4   Mean   :48201   Mean   :3344   Mean   :271.0  
 3rd Qu.:2012   3rd Qu.: 935914   3rd Qu.:17606874   3rd Qu.:1732530   3rd Qu.:15307268   3rd Qu.: 94357   3rd Qu.:137.8   3rd Qu.:52081   3rd Qu.:3903   3rd Qu.:319.8  
 Max.   :2016   Max.   :1173042   Max.   :18654682   Max.   :1909276   Max.   :18097605   Max.   :107665   Max.   :169.0   Max.   :62525   Max.   :5569   Max.   :400.0  

Toplam Et Üretimi
 [1]  616746  698189  874422  878778  938702  919665 1070461 1089690 1295324 1446069 1615320 1725931 1760376 1896683 1911291 1881034
